   1               		.file	"keymap_common.c"
   2               	__SP_H__ = 0x3e
   3               	__SP_L__ = 0x3d
   4               	__SREG__ = 0x3f
   5               	__tmp_reg__ = 0
   6               	__zero_reg__ = 1
   7               		.text
   8               	.Ltext0:
   9               		.cfi_sections	.debug_frame
  10               		.section	.text.action_get_macro,"ax",@progbits
  11               		.weak	action_get_macro
  13               	action_get_macro:
  14               	.LVL0:
  15               	.LFB113:
  16               		.file 1 "quantum/keymap_common.c"
   1:quantum/keymap_common.c **** /*
   2:quantum/keymap_common.c **** Copyright 2012-2017 Jun Wako <wakojun@gmail.com>
   3:quantum/keymap_common.c **** 
   4:quantum/keymap_common.c **** This program is free software: you can redistribute it and/or modify
   5:quantum/keymap_common.c **** it under the terms of the GNU General Public License as published by
   6:quantum/keymap_common.c **** the Free Software Foundation, either version 2 of the License, or
   7:quantum/keymap_common.c **** (at your option) any later version.
   8:quantum/keymap_common.c **** 
   9:quantum/keymap_common.c **** This program is distributed in the hope that it will be useful,
  10:quantum/keymap_common.c **** but WITHOUT ANY WARRANTY; without even the implied warranty of
  11:quantum/keymap_common.c **** MERCHANTABILITY or FITNESS FOR A PARTICULAR PURPOSE.  See the
  12:quantum/keymap_common.c **** GNU General Public License for more details.
  13:quantum/keymap_common.c **** 
  14:quantum/keymap_common.c **** You should have received a copy of the GNU General Public License
  15:quantum/keymap_common.c **** along with this program.  If not, see <http://www.gnu.org/licenses/>.
  16:quantum/keymap_common.c **** */
  17:quantum/keymap_common.c **** 
  18:quantum/keymap_common.c **** #include "keymap.h"
  19:quantum/keymap_common.c **** #include "report.h"
  20:quantum/keymap_common.c **** #include "keycode.h"
  21:quantum/keymap_common.c **** #include "action_layer.h"
  22:quantum/keymap_common.c **** #if defined(__AVR__)
  23:quantum/keymap_common.c **** #    include <util/delay.h>
  24:quantum/keymap_common.c **** #    include <stdio.h>
  25:quantum/keymap_common.c **** #endif
  26:quantum/keymap_common.c **** #include "action.h"
  27:quantum/keymap_common.c **** #include "action_macro.h"
  28:quantum/keymap_common.c **** #include "debug.h"
  29:quantum/keymap_common.c **** #include "quantum.h"
  30:quantum/keymap_common.c **** 
  31:quantum/keymap_common.c **** #ifdef BACKLIGHT_ENABLE
  32:quantum/keymap_common.c **** #    include "backlight.h"
  33:quantum/keymap_common.c **** #endif
  34:quantum/keymap_common.c **** 
  35:quantum/keymap_common.c **** #ifdef MIDI_ENABLE
  36:quantum/keymap_common.c **** #    include "process_midi.h"
  37:quantum/keymap_common.c **** #endif
  38:quantum/keymap_common.c **** 
  39:quantum/keymap_common.c **** extern keymap_config_t keymap_config;
  40:quantum/keymap_common.c **** 
  41:quantum/keymap_common.c **** #include <inttypes.h>
  42:quantum/keymap_common.c **** 
  43:quantum/keymap_common.c **** /* converts key to action */
  44:quantum/keymap_common.c **** action_t action_for_key(uint8_t layer, keypos_t key) {
  45:quantum/keymap_common.c ****     // 16bit keycodes - important
  46:quantum/keymap_common.c ****     uint16_t keycode = keymap_key_to_keycode(layer, key);
  47:quantum/keymap_common.c **** 
  48:quantum/keymap_common.c ****     // keycode remapping
  49:quantum/keymap_common.c ****     keycode = keycode_config(keycode);
  50:quantum/keymap_common.c **** 
  51:quantum/keymap_common.c ****     action_t action = {};
  52:quantum/keymap_common.c ****     uint8_t  action_layer, when, mod;
  53:quantum/keymap_common.c **** 
  54:quantum/keymap_common.c ****     switch (keycode) {
  55:quantum/keymap_common.c ****         case KC_A ... KC_EXSEL:
  56:quantum/keymap_common.c ****         case KC_LCTRL ... KC_RGUI:
  57:quantum/keymap_common.c ****             action.code = ACTION_KEY(keycode);
  58:quantum/keymap_common.c ****             break;
  59:quantum/keymap_common.c ****         case KC_SYSTEM_POWER ... KC_SYSTEM_WAKE:
  60:quantum/keymap_common.c ****             action.code = ACTION_USAGE_SYSTEM(KEYCODE2SYSTEM(keycode));
  61:quantum/keymap_common.c ****             break;
  62:quantum/keymap_common.c ****         case KC_AUDIO_MUTE ... KC_BRIGHTNESS_DOWN:
  63:quantum/keymap_common.c ****             action.code = ACTION_USAGE_CONSUMER(KEYCODE2CONSUMER(keycode));
  64:quantum/keymap_common.c ****             break;
  65:quantum/keymap_common.c **** #ifdef MOUSEKEY_ENABLE
  66:quantum/keymap_common.c ****         case KC_MS_UP ... KC_MS_ACCEL2:
  67:quantum/keymap_common.c ****             action.code = ACTION_MOUSEKEY(keycode);
  68:quantum/keymap_common.c ****             break;
  69:quantum/keymap_common.c **** #endif
  70:quantum/keymap_common.c ****         case KC_TRNS:
  71:quantum/keymap_common.c ****             action.code = ACTION_TRANSPARENT;
  72:quantum/keymap_common.c ****             break;
  73:quantum/keymap_common.c ****         case QK_MODS ... QK_MODS_MAX:;
  74:quantum/keymap_common.c ****             // Has a modifier
  75:quantum/keymap_common.c ****             // Split it up
  76:quantum/keymap_common.c ****             action.code = ACTION_MODS_KEY(keycode >> 8, keycode & 0xFF);  // adds modifier to key
  77:quantum/keymap_common.c ****             break;
  78:quantum/keymap_common.c **** #ifndef NO_ACTION_FUNCTION
  79:quantum/keymap_common.c ****         case KC_FN0 ... KC_FN31:
  80:quantum/keymap_common.c ****             action.code = keymap_function_id_to_action(FN_INDEX(keycode));
  81:quantum/keymap_common.c ****             break;
  82:quantum/keymap_common.c ****         case QK_FUNCTION ... QK_FUNCTION_MAX:;
  83:quantum/keymap_common.c ****             // Is a shortcut for function action_layer, pull last 12bits
  84:quantum/keymap_common.c ****             // This means we have 4,096 FN macros at our disposal
  85:quantum/keymap_common.c ****             action.code = keymap_function_id_to_action((int)keycode & 0xFFF);
  86:quantum/keymap_common.c ****             break;
  87:quantum/keymap_common.c **** #endif
  88:quantum/keymap_common.c **** #ifndef NO_ACTION_MACRO
  89:quantum/keymap_common.c ****         case QK_MACRO ... QK_MACRO_MAX:
  90:quantum/keymap_common.c ****             if (keycode & 0x800)  // tap macros have upper bit set
  91:quantum/keymap_common.c ****                 action.code = ACTION_MACRO_TAP(keycode & 0xFF);
  92:quantum/keymap_common.c ****             else
  93:quantum/keymap_common.c ****                 action.code = ACTION_MACRO(keycode & 0xFF);
  94:quantum/keymap_common.c ****             break;
  95:quantum/keymap_common.c **** #endif
  96:quantum/keymap_common.c ****         case QK_LAYER_TAP ... QK_LAYER_TAP_MAX:
  97:quantum/keymap_common.c ****             action.code = ACTION_LAYER_TAP_KEY((keycode >> 0x8) & 0xF, keycode & 0xFF);
  98:quantum/keymap_common.c ****             break;
  99:quantum/keymap_common.c ****         case QK_TO ... QK_TO_MAX:;
 100:quantum/keymap_common.c ****             // Layer set "GOTO"
 101:quantum/keymap_common.c ****             when         = (keycode >> 0x4) & 0x3;
 102:quantum/keymap_common.c ****             action_layer = keycode & 0xF;
 103:quantum/keymap_common.c ****             action.code  = ACTION_LAYER_SET(action_layer, when);
 104:quantum/keymap_common.c ****             break;
 105:quantum/keymap_common.c ****         case QK_MOMENTARY ... QK_MOMENTARY_MAX:;
 106:quantum/keymap_common.c ****             // Momentary action_layer
 107:quantum/keymap_common.c ****             action_layer = keycode & 0xFF;
 108:quantum/keymap_common.c ****             action.code  = ACTION_LAYER_MOMENTARY(action_layer);
 109:quantum/keymap_common.c ****             break;
 110:quantum/keymap_common.c ****         case QK_DEF_LAYER ... QK_DEF_LAYER_MAX:;
 111:quantum/keymap_common.c ****             // Set default action_layer
 112:quantum/keymap_common.c ****             action_layer = keycode & 0xFF;
 113:quantum/keymap_common.c ****             action.code  = ACTION_DEFAULT_LAYER_SET(action_layer);
 114:quantum/keymap_common.c ****             break;
 115:quantum/keymap_common.c ****         case QK_TOGGLE_LAYER ... QK_TOGGLE_LAYER_MAX:;
 116:quantum/keymap_common.c ****             // Set toggle
 117:quantum/keymap_common.c ****             action_layer = keycode & 0xFF;
 118:quantum/keymap_common.c ****             action.code  = ACTION_LAYER_TOGGLE(action_layer);
 119:quantum/keymap_common.c ****             break;
 120:quantum/keymap_common.c ****         case QK_ONE_SHOT_LAYER ... QK_ONE_SHOT_LAYER_MAX:;
 121:quantum/keymap_common.c ****             // OSL(action_layer) - One-shot action_layer
 122:quantum/keymap_common.c ****             action_layer = keycode & 0xFF;
 123:quantum/keymap_common.c ****             action.code  = ACTION_LAYER_ONESHOT(action_layer);
 124:quantum/keymap_common.c ****             break;
 125:quantum/keymap_common.c ****         case QK_ONE_SHOT_MOD ... QK_ONE_SHOT_MOD_MAX:;
 126:quantum/keymap_common.c ****             // OSM(mod) - One-shot mod
 127:quantum/keymap_common.c ****             mod         = mod_config(keycode & 0xFF);
 128:quantum/keymap_common.c ****             action.code = ACTION_MODS_ONESHOT(mod);
 129:quantum/keymap_common.c ****             break;
 130:quantum/keymap_common.c ****         case QK_LAYER_TAP_TOGGLE ... QK_LAYER_TAP_TOGGLE_MAX:
 131:quantum/keymap_common.c ****             action.code = ACTION_LAYER_TAP_TOGGLE(keycode & 0xFF);
 132:quantum/keymap_common.c ****             break;
 133:quantum/keymap_common.c ****         case QK_LAYER_MOD ... QK_LAYER_MOD_MAX:
 134:quantum/keymap_common.c ****             mod          = mod_config(keycode & 0xF);
 135:quantum/keymap_common.c ****             action_layer = (keycode >> 4) & 0xF;
 136:quantum/keymap_common.c ****             action.code  = ACTION_LAYER_MODS(action_layer, mod);
 137:quantum/keymap_common.c ****             break;
 138:quantum/keymap_common.c ****         case QK_MOD_TAP ... QK_MOD_TAP_MAX:
 139:quantum/keymap_common.c ****             mod         = mod_config((keycode >> 0x8) & 0x1F);
 140:quantum/keymap_common.c ****             action.code = ACTION_MODS_TAP_KEY(mod, keycode & 0xFF);
 141:quantum/keymap_common.c ****             break;
 142:quantum/keymap_common.c **** #ifdef BACKLIGHT_ENABLE
 143:quantum/keymap_common.c ****         case BL_ON:
 144:quantum/keymap_common.c ****             action.code = ACTION_BACKLIGHT_ON();
 145:quantum/keymap_common.c ****             break;
 146:quantum/keymap_common.c ****         case BL_OFF:
 147:quantum/keymap_common.c ****             action.code = ACTION_BACKLIGHT_OFF();
 148:quantum/keymap_common.c ****             break;
 149:quantum/keymap_common.c ****         case BL_DEC:
 150:quantum/keymap_common.c ****             action.code = ACTION_BACKLIGHT_DECREASE();
 151:quantum/keymap_common.c ****             break;
 152:quantum/keymap_common.c ****         case BL_INC:
 153:quantum/keymap_common.c ****             action.code = ACTION_BACKLIGHT_INCREASE();
 154:quantum/keymap_common.c ****             break;
 155:quantum/keymap_common.c ****         case BL_TOGG:
 156:quantum/keymap_common.c ****             action.code = ACTION_BACKLIGHT_TOGGLE();
 157:quantum/keymap_common.c ****             break;
 158:quantum/keymap_common.c ****         case BL_STEP:
 159:quantum/keymap_common.c ****             action.code = ACTION_BACKLIGHT_STEP();
 160:quantum/keymap_common.c ****             break;
 161:quantum/keymap_common.c **** #endif
 162:quantum/keymap_common.c **** #ifdef SWAP_HANDS_ENABLE
 163:quantum/keymap_common.c ****         case QK_SWAP_HANDS ... QK_SWAP_HANDS_MAX:
 164:quantum/keymap_common.c ****             action.code = ACTION(ACT_SWAP_HANDS, keycode & 0xff);
 165:quantum/keymap_common.c ****             break;
 166:quantum/keymap_common.c **** #endif
 167:quantum/keymap_common.c **** 
 168:quantum/keymap_common.c ****         default:
 169:quantum/keymap_common.c ****             action.code = ACTION_NO;
 170:quantum/keymap_common.c ****             break;
 171:quantum/keymap_common.c ****     }
 172:quantum/keymap_common.c ****     return action;
 173:quantum/keymap_common.c **** }
 174:quantum/keymap_common.c **** 
 175:quantum/keymap_common.c **** __attribute__((weak)) const uint16_t PROGMEM fn_actions[] = {
 176:quantum/keymap_common.c **** 
 177:quantum/keymap_common.c **** };
 178:quantum/keymap_common.c **** 
 179:quantum/keymap_common.c **** /* Macro */
 180:quantum/keymap_common.c **** __attribute__((weak)) const macro_t *action_get_macro(keyrecord_t *record, uint8_t id, uint8_t opt)
  17               		.loc 1 180 101 view -0
  18               		.cfi_startproc
  19               	/* prologue: function */
  20               	/* frame size = 0 */
  21               	/* stack size = 0 */
  22               	.L__stack_usage = 0
  23               		.loc 1 180 103 view .LVU1
  24               		.loc 1 180 1 is_stmt 0 view .LVU2
  25 0000 90E0      		ldi r25,0
  26 0002 80E0      		ldi r24,0
  27               	.LVL1:
  28               	/* epilogue start */
  29               		.loc 1 180 1 view .LVU3
  30 0004 0895      		ret
  31               		.cfi_endproc
  32               	.LFE113:
  34               		.section	.text.action_function,"ax",@progbits
  35               		.weak	action_function
  37               	action_function:
  38               	.LVL2:
  39               	.LFB114:
 181:quantum/keymap_common.c **** 
 182:quantum/keymap_common.c **** /* Function */
 183:quantum/keymap_common.c **** __attribute__((weak)) void action_function(keyrecord_t *record, uint8_t id, uint8_t opt) {}
  40               		.loc 1 183 90 is_stmt 1 view -0
  41               		.cfi_startproc
  42               	/* prologue: function */
  43               	/* frame size = 0 */
  44               	/* stack size = 0 */
  45               	.L__stack_usage = 0
  46               		.loc 1 183 91 view .LVU5
  47               	/* epilogue start */
  48               		.loc 1 183 1 is_stmt 0 view .LVU6
  49 0000 0895      		ret
  50               		.cfi_endproc
  51               	.LFE114:
  53               		.section	.text.keymap_key_to_keycode,"ax",@progbits
  54               		.weak	keymap_key_to_keycode
  56               	keymap_key_to_keycode:
  57               	.LVL3:
  58               	.LFB115:
 184:quantum/keymap_common.c **** 
 185:quantum/keymap_common.c **** // translates key to keycode
 186:quantum/keymap_common.c **** __attribute__((weak)) uint16_t keymap_key_to_keycode(uint8_t layer, keypos_t key) {
  59               		.loc 1 186 83 is_stmt 1 view -0
  60               		.cfi_startproc
  61               	/* prologue: function */
  62               	/* frame size = 0 */
  63               	/* stack size = 0 */
  64               	.L__stack_usage = 0
 187:quantum/keymap_common.c ****     // Read entire word (16bits)
 188:quantum/keymap_common.c ****     return pgm_read_word(&keymaps[(layer)][(key.row)][(key.col)]);
  65               		.loc 1 188 5 view .LVU8
  66               	.LBB2:
  67               		.loc 1 188 12 view .LVU9
  68 0000 24E0      		ldi r18,lo8(4)
  69 0002 829F      		mul r24,r18
  70 0004 C001      		movw r24,r0
  71 0006 1124      		clr __zero_reg__
  72               	.LVL4:
  73               		.loc 1 188 12 is_stmt 0 view .LVU10
  74 0008 FC01      		movw r30,r24
  75               		.loc 1 188 12 view .LVU11
  76 000a E70F      		add r30,r23
  77 000c F11D      		adc r31,__zero_reg__
  78 000e EE0F      		lsl r30
  79 0010 FF1F      		rol r31
  80 0012 EE0F      		lsl r30
  81 0014 FF1F      		rol r31
  82 0016 E60F      		add r30,r22
  83 0018 F11D      		adc r31,__zero_reg__
  84 001a EE0F      		lsl r30
  85 001c FF1F      		rol r31
  86 001e E050      		subi r30,lo8(-(keymaps))
  87 0020 F040      		sbci r31,hi8(-(keymaps))
  88               	.LVL5:
  89               		.loc 1 188 12 is_stmt 1 view .LVU12
  90               		.loc 1 188 12 view .LVU13
  91               	/* #APP */
  92               	 ;  188 "quantum/keymap_common.c" 1
  93 0022 8591      		lpm r24, Z+
  94 0024 9491      		lpm r25, Z
  95               		
  96               	 ;  0 "" 2
  97               	.LVL6:
  98               		.loc 1 188 12 view .LVU14
  99               	/* #NOAPP */
 100               	/* epilogue start */
 101               	.LBE2:
 189:quantum/keymap_common.c **** }
 102               		.loc 1 189 1 is_stmt 0 view .LVU15
 103 0026 0895      		ret
 104               		.cfi_endproc
 105               	.LFE115:
 107               		.section	.text.keymap_function_id_to_action,"ax",@progbits
 108               		.weak	keymap_function_id_to_action
 110               	keymap_function_id_to_action:
 111               	.LVL7:
 112               	.LFB116:
 190:quantum/keymap_common.c **** 
 191:quantum/keymap_common.c **** // translates function id to action
 192:quantum/keymap_common.c **** __attribute__((weak)) uint16_t keymap_function_id_to_action(uint16_t function_id) {
 113               		.loc 1 192 83 is_stmt 1 view -0
 114               		.cfi_startproc
 115               	/* prologue: function */
 116               	/* frame size = 0 */
 117               	/* stack size = 0 */
 118               	.L__stack_usage = 0
 193:quantum/keymap_common.c **** // The compiler sees the empty (weak) fn_actions and generates a warning
 194:quantum/keymap_common.c **** // This function should not be called in that case, so the warning is too strict
 195:quantum/keymap_common.c **** // If this function is called however, the keymap should have overridden fn_actions, and then the c
 196:quantum/keymap_common.c **** // is comparing against the wrong array
 197:quantum/keymap_common.c **** #pragma GCC diagnostic push
 198:quantum/keymap_common.c **** #pragma GCC diagnostic ignored "-Warray-bounds"
 199:quantum/keymap_common.c ****     return pgm_read_word(&fn_actions[function_id]);
 119               		.loc 1 199 5 view .LVU17
 120               	.LBB3:
 121               		.loc 1 199 12 view .LVU18
 122 0000 FC01      		movw r30,r24
 123 0002 EE0F      		lsl r30
 124 0004 FF1F      		rol r31
 125               	.LVL8:
 126               		.loc 1 199 12 is_stmt 0 view .LVU19
 127 0006 E050      		subi r30,lo8(-(fn_actions))
 128 0008 F040      		sbci r31,hi8(-(fn_actions))
 129               	.LVL9:
 130               		.loc 1 199 12 is_stmt 1 view .LVU20
 131               		.loc 1 199 12 view .LVU21
 132               	/* #APP */
 133               	 ;  199 "quantum/keymap_common.c" 1
 134 000a 8591      		lpm r24, Z+
 135 000c 9491      		lpm r25, Z
 136               		
 137               	 ;  0 "" 2
 138               	.LVL10:
 139               		.loc 1 199 12 view .LVU22
 140               	/* #NOAPP */
 141               	/* epilogue start */
 142               	.LBE3:
 200:quantum/keymap_common.c **** #pragma GCC diagnostic pop
 201:quantum/keymap_common.c **** }
 143               		.loc 1 201 1 is_stmt 0 view .LVU23
 144 000e 0895      		ret
 145               		.cfi_endproc
 146               	.LFE116:
 148               		.section	.text.action_for_key,"ax",@progbits
 149               	.global	action_for_key
 151               	action_for_key:
 152               	.LVL11:
 153               	.LFB112:
  44:quantum/keymap_common.c ****     // 16bit keycodes - important
 154               		.loc 1 44 54 is_stmt 1 view -0
 155               		.cfi_startproc
  44:quantum/keymap_common.c ****     // 16bit keycodes - important
 156               		.loc 1 44 54 is_stmt 0 view .LVU25
 157 0000 CF93      		push r28
 158               	.LCFI0:
 159               		.cfi_def_cfa_offset 3
 160               		.cfi_offset 28, -2
 161 0002 DF93      		push r29
 162               	.LCFI1:
 163               		.cfi_def_cfa_offset 4
 164               		.cfi_offset 29, -3
 165               	/* prologue: function */
 166               	/* frame size = 0 */
 167               	/* stack size = 2 */
 168               	.L__stack_usage = 2
  46:quantum/keymap_common.c **** 
 169               		.loc 1 46 5 is_stmt 1 view .LVU26
  46:quantum/keymap_common.c **** 
 170               		.loc 1 46 24 is_stmt 0 view .LVU27
 171 0004 0E94 0000 		call keymap_key_to_keycode
 172               	.LVL12:
  49:quantum/keymap_common.c **** 
 173               		.loc 1 49 5 is_stmt 1 view .LVU28
  49:quantum/keymap_common.c **** 
 174               		.loc 1 49 15 is_stmt 0 view .LVU29
 175 0008 0E94 0000 		call keycode_config
 176               	.LVL13:
  49:quantum/keymap_common.c **** 
 177               		.loc 1 49 15 view .LVU30
 178 000c EC01      		movw r28,r24
 179               	.LVL14:
  51:quantum/keymap_common.c ****     uint8_t  action_layer, when, mod;
 180               		.loc 1 51 5 is_stmt 1 view .LVU31
  52:quantum/keymap_common.c **** 
 181               		.loc 1 52 5 view .LVU32
  54:quantum/keymap_common.c ****         case KC_A ... KC_EXSEL:
 182               		.loc 1 54 5 view .LVU33
 183 000e 8115      		cp r24,__zero_reg__
 184 0010 21E5      		ldi r18,81
 185 0012 9207      		cpc r25,r18
 186 0014 00F0      		brlo .+2
 187 0016 00C0      		rjmp .L6
 188 0018 8115      		cp r24,__zero_reg__
 189 001a 30E5      		ldi r19,80
 190 001c 9307      		cpc r25,r19
 191 001e 00F0      		brlo .+2
 192 0020 00C0      		rjmp .L7
 193 0022 883E      		cpi r24,-24
 194 0024 9105      		cpc r25,__zero_reg__
 195 0026 00F4      		brsh .L8
 196 0028 803E      		cpi r24,-32
 197 002a 9105      		cpc r25,__zero_reg__
 198 002c 00F4      		brsh .L9
 199 002e 883A      		cpi r24,-88
 200 0030 9105      		cpc r25,__zero_reg__
 201 0032 00F4      		brsh .L10
 202 0034 853A      		cpi r24,-91
 203 0036 9105      		cpc r25,__zero_reg__
 204 0038 00F0      		brlo .+2
 205 003a 00C0      		rjmp .L11
 206 003c 8130      		cpi r24,1
 207 003e 9105      		cpc r25,__zero_reg__
 208 0040 01F0      		breq .L9
 209 0042 0097      		sbiw r24,0
 210 0044 01F0      		breq .L9
 211 0046 0497      		sbiw r24,4
 212 0048 00F4      		brsh .L9
 213               	.LVL15:
 214               	.L44:
 169:quantum/keymap_common.c ****             break;
 215               		.loc 1 169 25 is_stmt 0 view .LVU34
 216 004a D0E0      		ldi r29,0
 217 004c C0E0      		ldi r28,0
 218               	.LVL16:
 169:quantum/keymap_common.c ****             break;
 219               		.loc 1 169 25 view .LVU35
 220 004e 00C0      		rjmp .L9
 221               	.LVL17:
 222               	.L10:
  54:quantum/keymap_common.c ****         case KC_A ... KC_EXSEL:
 223               		.loc 1 54 5 view .LVU36
 224 0050 8F3B      		cpi r24,-65
 225 0052 9105      		cpc r25,__zero_reg__
 226 0054 00F4      		brsh .+2
 227 0056 00C0      		rjmp .L12
  80:quantum/keymap_common.c ****             break;
 228               		.loc 1 80 27 view .LVU37
 229 0058 805C      		subi r24,-64
 230 005a 9109      		sbc r25,__zero_reg__
 231               	.LVL18:
  54:quantum/keymap_common.c ****         case KC_A ... KC_EXSEL:
 232               		.loc 1 54 5 view .LVU38
 233 005c C03C      		cpi r28,-64
 234 005e D105      		cpc r29,__zero_reg__
 235 0060 00F0      		brlo .L44
 236               	.L81:
  85:quantum/keymap_common.c ****             break;
 237               		.loc 1 85 27 view .LVU39
 238 0062 0E94 0000 		call keymap_function_id_to_action
 239               	.LVL19:
 240 0066 EC01      		movw r28,r24
 241               	.LVL20:
  86:quantum/keymap_common.c **** #endif
 242               		.loc 1 86 13 is_stmt 1 view .LVU40
 243 0068 00C0      		rjmp .L9
 244               	.LVL21:
 245               	.L8:
  54:quantum/keymap_common.c ****         case KC_A ... KC_EXSEL:
 246               		.loc 1 54 5 is_stmt 0 view .LVU41
 247 006a 8115      		cp r24,__zero_reg__
 248 006c 9043      		sbci r25,48
 249 006e 00F4      		brsh .L14
 250 0070 C115      		cp r28,__zero_reg__
 251 0072 80E2      		ldi r24,32
 252 0074 D807      		cpc r29,r24
 253               	.LVL22:
  54:quantum/keymap_common.c ****         case KC_A ... KC_EXSEL:
 254               		.loc 1 54 5 view .LVU42
 255 0076 00F0      		brlo .+2
 256 0078 00C0      		rjmp .L15
 257 007a C03F      		cpi r28,-16
 258 007c D105      		cpc r29,__zero_reg__
 259 007e 00F0      		brlo .L44
 260 0080 CF3F      		cpi r28,-1
 261 0082 D105      		cpc r29,__zero_reg__
 262 0084 01F0      		breq .+2
 263 0086 00F4      		brsh .+2
 264 0088 00C0      		rjmp .L16
 265               	.LVL23:
 266               	.L9:
 172:quantum/keymap_common.c **** }
 267               		.loc 1 172 5 is_stmt 1 view .LVU43
 173:quantum/keymap_common.c **** 
 268               		.loc 1 173 1 is_stmt 0 view .LVU44
 269 008a CE01      		movw r24,r28
 270               	/* epilogue start */
 271 008c DF91      		pop r29
 272 008e CF91      		pop r28
 273 0090 0895      		ret
 274               	.LVL24:
 275               	.L14:
  54:quantum/keymap_common.c ****         case KC_A ... KC_EXSEL:
 276               		.loc 1 54 5 view .LVU45
 277 0092 C115      		cp r28,__zero_reg__
 278 0094 90E4      		ldi r25,64
 279 0096 D907      		cpc r29,r25
 280 0098 00F0      		brlo .+2
 281 009a 00C0      		rjmp .L76
  90:quantum/keymap_common.c ****                 action.code = ACTION_MACRO_TAP(keycode & 0xFF);
 282               		.loc 1 90 13 is_stmt 1 view .LVU46
 283 009c CE01      		movw r24,r28
 284               	.LVL25:
  90:quantum/keymap_common.c ****                 action.code = ACTION_MACRO_TAP(keycode & 0xFF);
 285               		.loc 1 90 13 is_stmt 0 view .LVU47
 286 009e 9927      		clr r25
  90:quantum/keymap_common.c ****                 action.code = ACTION_MACRO_TAP(keycode & 0xFF);
 287               		.loc 1 90 16 view .LVU48
 288 00a0 D3FF      		sbrs r29,3
 289 00a2 00C0      		rjmp .L31
  91:quantum/keymap_common.c ****             else
 290               		.loc 1 91 17 is_stmt 1 view .LVU49
  91:quantum/keymap_common.c ****             else
 291               		.loc 1 91 31 is_stmt 0 view .LVU50
 292 00a4 EC01      		movw r28,r24
 293               	.LVL26:
  91:quantum/keymap_common.c ****             else
 294               		.loc 1 91 31 view .LVU51
 295 00a6 D86C      		ori r29,200
 296               	.LVL27:
  91:quantum/keymap_common.c ****             else
 297               		.loc 1 91 31 view .LVU52
 298 00a8 00C0      		rjmp .L9
 299               	.LVL28:
 300               	.L6:
  54:quantum/keymap_common.c ****         case KC_A ... KC_EXSEL:
 301               		.loc 1 54 5 view .LVU53
 302 00aa 8115      		cp r24,__zero_reg__
 303 00ac 29E5      		ldi r18,89
 304 00ae 9207      		cpc r25,r18
 305 00b0 00F4      		brsh .L19
 306 00b2 8115      		cp r24,__zero_reg__
 307 00b4 38E5      		ldi r19,88
 308 00b6 9307      		cpc r25,r19
 309 00b8 00F0      		brlo .+2
 310 00ba 00C0      		rjmp .L20
 311 00bc 8115      		cp r24,__zero_reg__
 312 00be 44E5      		ldi r20,84
 313 00c0 9407      		cpc r25,r20
 314 00c2 00F4      		brsh .L21
 315 00c4 C115      		cp r28,__zero_reg__
 316 00c6 83E5      		ldi r24,83
 317 00c8 D807      		cpc r29,r24
 318               	.LVL29:
  54:quantum/keymap_common.c ****         case KC_A ... KC_EXSEL:
 319               		.loc 1 54 5 view .LVU54
 320 00ca 00F0      		brlo .+2
 321 00cc 00C0      		rjmp .L22
 322 00ce C115      		cp r28,__zero_reg__
 323 00d0 92E5      		ldi r25,82
 324 00d2 D907      		cpc r29,r25
 325 00d4 00F0      		brlo .+2
 326 00d6 00C0      		rjmp .L77
 105:quantum/keymap_common.c ****             // Momentary action_layer
 327               		.loc 1 105 48 is_stmt 1 view .LVU55
 107:quantum/keymap_common.c ****             action.code  = ACTION_LAYER_MOMENTARY(action_layer);
 328               		.loc 1 107 13 view .LVU56
 329               	.LVL30:
 108:quantum/keymap_common.c ****             break;
 330               		.loc 1 108 13 view .LVU57
 108:quantum/keymap_common.c ****             break;
 331               		.loc 1 108 28 is_stmt 0 view .LVU58
 332 00d8 DC2F      		mov r29,r28
 333 00da CC27      		clr r28
 334               	.LVL31:
 108:quantum/keymap_common.c ****             break;
 335               		.loc 1 108 28 view .LVU59
 336 00dc C16F      		ori r28,241
 337 00de D06A      		ori r29,160
 338               	.LVL32:
 109:quantum/keymap_common.c ****         case QK_DEF_LAYER ... QK_DEF_LAYER_MAX:;
 339               		.loc 1 109 13 is_stmt 1 view .LVU60
 340 00e0 00C0      		rjmp .L9
 341               	.LVL33:
 342               	.L21:
  54:quantum/keymap_common.c ****         case KC_A ... KC_EXSEL:
 343               		.loc 1 54 5 is_stmt 0 view .LVU61
 344 00e2 8115      		cp r24,__zero_reg__
 345 00e4 25E5      		ldi r18,85
 346 00e6 9207      		cpc r25,r18
 347 00e8 00F4      		brsh .+2
 348 00ea 00C0      		rjmp .L25
 349 00ec 8115      		cp r24,__zero_reg__
 350 00ee 36E5      		ldi r19,86
 351 00f0 9307      		cpc r25,r19
 352 00f2 00F0      		brlo .+2
 353 00f4 00C0      		rjmp .L44
 125:quantum/keymap_common.c ****             // OSM(mod) - One-shot mod
 354               		.loc 1 125 54 is_stmt 1 view .LVU62
 127:quantum/keymap_common.c ****             action.code = ACTION_MODS_ONESHOT(mod);
 355               		.loc 1 127 13 view .LVU63
 127:quantum/keymap_common.c ****             action.code = ACTION_MODS_ONESHOT(mod);
 356               		.loc 1 127 27 is_stmt 0 view .LVU64
 357 00f6 0E94 0000 		call mod_config
 358               	.LVL34:
 128:quantum/keymap_common.c ****             break;
 359               		.loc 1 128 13 is_stmt 1 view .LVU65
 128:quantum/keymap_common.c ****             break;
 360               		.loc 1 128 27 is_stmt 0 view .LVU66
 361 00fa C82F      		mov r28,r24
 362               	.LVL35:
 128:quantum/keymap_common.c ****             break;
 363               		.loc 1 128 27 view .LVU67
 364 00fc D0E0      		ldi r29,0
 365 00fe DC2F      		mov r29,r28
 366 0100 CC27      		clr r28
 367 0102 CC27      		clr r28
 368 0104 DF71      		andi r29,31
 369               	.LVL36:
 370               	.L83:
 140:quantum/keymap_common.c ****             break;
 371               		.loc 1 140 27 view .LVU68
 372 0106 D062      		ori r29,32
 373               	.LVL37:
 141:quantum/keymap_common.c **** #ifdef BACKLIGHT_ENABLE
 374               		.loc 1 141 13 is_stmt 1 view .LVU69
 375 0108 00C0      		rjmp .L9
 376               	.LVL38:
 377               	.L19:
  54:quantum/keymap_common.c ****         case KC_A ... KC_EXSEL:
 378               		.loc 1 54 5 is_stmt 0 view .LVU70
 379 010a 8D3B      		cpi r24,-67
 380 010c 9C45      		sbci r25,92
 381 010e 01F4      		brne .+2
 382 0110 00C0      		rjmp .L37
 383 0112 CE3B      		cpi r28,-66
 384 0114 8CE5      		ldi r24,92
 385 0116 D807      		cpc r29,r24
 386               	.LVL39:
  54:quantum/keymap_common.c ****         case KC_A ... KC_EXSEL:
 387               		.loc 1 54 5 view .LVU71
 388 0118 00F4      		brsh .L27
 389 011a CB3B      		cpi r28,-69
 390 011c 9CE5      		ldi r25,92
 391 011e D907      		cpc r29,r25
 392 0120 01F4      		brne .+2
 393 0122 00C0      		rjmp .L38
 394 0124 00F0      		brlo .+2
 395 0126 00C0      		rjmp .L39
 396 0128 C115      		cp r28,__zero_reg__
 397 012a 3AE5      		ldi r19,90
 398 012c D307      		cpc r29,r19
 399 012e 00F0      		brlo .+2
 400 0130 00C0      		rjmp .L44
 134:quantum/keymap_common.c ****             action_layer = (keycode >> 4) & 0xF;
 401               		.loc 1 134 13 is_stmt 1 view .LVU72
 134:quantum/keymap_common.c ****             action_layer = (keycode >> 4) & 0xF;
 402               		.loc 1 134 28 is_stmt 0 view .LVU73
 403 0132 8C2F      		mov r24,r28
 404 0134 8F70      		andi r24,lo8(15)
 405 0136 0E94 0000 		call mod_config
 406               	.LVL40:
 135:quantum/keymap_common.c ****             action.code  = ACTION_LAYER_MODS(action_layer, mod);
 407               		.loc 1 135 13 is_stmt 1 view .LVU74
 136:quantum/keymap_common.c ****             break;
 408               		.loc 1 136 13 view .LVU75
 135:quantum/keymap_common.c ****             action.code  = ACTION_LAYER_MODS(action_layer, mod);
 409               		.loc 1 135 37 is_stmt 0 view .LVU76
 410 013a 34E0      		ldi r19,4
 411               		1:
 412 013c D695      		lsr r29
 413 013e C795      		ror r28
 414 0140 3A95      		dec r19
 415 0142 01F4      		brne 1b
 416               	.LVL41:
 135:quantum/keymap_common.c ****             action.code  = ACTION_LAYER_MODS(action_layer, mod);
 417               		.loc 1 135 26 view .LVU77
 418 0144 CF70      		andi r28,lo8(15)
 136:quantum/keymap_common.c ****             break;
 419               		.loc 1 136 28 view .LVU78
 420 0146 9C2F      		mov r25,r28
 421 0148 EC01      		movw r28,r24
 422 014a D069      		ori r29,144
 423               	.LVL42:
 137:quantum/keymap_common.c ****         case QK_MOD_TAP ... QK_MOD_TAP_MAX:
 424               		.loc 1 137 13 is_stmt 1 view .LVU79
 425 014c 00C0      		rjmp .L9
 426               	.LVL43:
 427               	.L27:
  54:quantum/keymap_common.c ****         case KC_A ... KC_EXSEL:
 428               		.loc 1 54 5 is_stmt 0 view .LVU80
 429 014e C03C      		cpi r28,-64
 430 0150 4CE5      		ldi r20,92
 431 0152 D407      		cpc r29,r20
 432 0154 01F4      		brne .+2
 433 0156 00C0      		rjmp .L41
 434 0158 00F4      		brsh .L29
 435 015a CE3B      		cpi r28,-66
 436 015c 9CE5      		ldi r25,92
 437 015e D907      		cpc r29,r25
 438 0160 01F4      		brne .+2
 439 0162 00C0      		rjmp .L42
 440 0164 CF3B      		cpi r28,-65
 441 0166 DC45      		sbci r29,92
 442 0168 01F0      		breq .+2
 443 016a 00C0      		rjmp .L44
 156:quantum/keymap_common.c ****             break;
 444               		.loc 1 156 25 view .LVU81
 445 016c C0E0      		ldi r28,0
 446 016e D2ED      		ldi r29,lo8(-46)
 447               	.LVL44:
 156:quantum/keymap_common.c ****             break;
 448               		.loc 1 156 25 view .LVU82
 449 0170 00C0      		rjmp .L9
 450               	.LVL45:
 451               	.L29:
  54:quantum/keymap_common.c ****         case KC_A ... KC_EXSEL:
 452               		.loc 1 54 5 view .LVU83
 453 0172 CE01      		movw r24,r28
 454 0174 9056      		subi r25,96
 455 0176 8115      		cp r24,__zero_reg__
 456 0178 9042      		sbci r25,32
 457 017a 00F0      		brlo .+2
 458 017c 00C0      		rjmp .L44
 139:quantum/keymap_common.c ****             action.code = ACTION_MODS_TAP_KEY(mod, keycode & 0xFF);
 459               		.loc 1 139 13 is_stmt 1 view .LVU84
 139:quantum/keymap_common.c ****             action.code = ACTION_MODS_TAP_KEY(mod, keycode & 0xFF);
 460               		.loc 1 139 27 is_stmt 0 view .LVU85
 461 017e 8D2F      		mov r24,r29
 462 0180 8F71      		andi r24,lo8(31)
 463 0182 0E94 0000 		call mod_config
 464               	.LVL46:
 140:quantum/keymap_common.c ****             break;
 465               		.loc 1 140 13 is_stmt 1 view .LVU86
 140:quantum/keymap_common.c ****             break;
 466               		.loc 1 140 27 is_stmt 0 view .LVU87
 467 0186 90E0      		ldi r25,0
 468 0188 982F      		mov r25,r24
 469 018a 8827      		clr r24
 470               	.LVL47:
 140:quantum/keymap_common.c ****             break;
 471               		.loc 1 140 27 view .LVU88
 472 018c 8827      		clr r24
 473 018e 9F71      		andi r25,31
 474 0190 9C01      		movw r18,r24
 475 0192 2C2B      		or r18,r28
 476 0194 E901      		movw r28,r18
 477               	.LVL48:
 140:quantum/keymap_common.c ****             break;
 478               		.loc 1 140 27 view .LVU89
 479 0196 00C0      		rjmp .L83
 480               	.LVL49:
 481               	.L11:
  60:quantum/keymap_common.c ****             break;
 482               		.loc 1 60 13 is_stmt 1 view .LVU90
  60:quantum/keymap_common.c ****             break;
 483               		.loc 1 60 27 is_stmt 0 view .LVU91
 484 0198 853A      		cpi r24,-91
 485 019a 9105      		cpc r25,__zero_reg__
 486 019c 01F4      		brne .+2
 487 019e 00C0      		rjmp .L45
  60:quantum/keymap_common.c ****             break;
 488               		.loc 1 60 27 discriminator 1 view .LVU92
 489 01a0 863A      		cpi r24,-90
 490 01a2 9105      		cpc r25,__zero_reg__
 491 01a4 01F0      		breq .+2
 492 01a6 00C0      		rjmp .L46
  60:quantum/keymap_common.c ****             break;
 493               		.loc 1 60 27 view .LVU93
 494 01a8 C2E8      		ldi r28,lo8(-126)
 495 01aa D0E4      		ldi r29,lo8(64)
 496 01ac 00C0      		rjmp .L9
 497               	.L12:
  63:quantum/keymap_common.c ****             break;
 498               		.loc 1 63 13 is_stmt 1 view .LVU94
  63:quantum/keymap_common.c ****             break;
 499               		.loc 1 63 27 is_stmt 0 view .LVU95
 500 01ae 883A      		cpi r24,-88
 501 01b0 9105      		cpc r25,__zero_reg__
 502 01b2 01F4      		brne .+2
 503 01b4 00C0      		rjmp .L47
  63:quantum/keymap_common.c ****             break;
 504               		.loc 1 63 27 discriminator 1 view .LVU96
 505 01b6 893A      		cpi r24,-87
 506 01b8 9105      		cpc r25,__zero_reg__
 507 01ba 01F4      		brne .+2
 508 01bc 00C0      		rjmp .L48
  63:quantum/keymap_common.c ****             break;
 509               		.loc 1 63 27 discriminator 3 view .LVU97
 510 01be 8A3A      		cpi r24,-86
 511 01c0 9105      		cpc r25,__zero_reg__
 512 01c2 01F4      		brne .+2
 513 01c4 00C0      		rjmp .L49
  63:quantum/keymap_common.c ****             break;
 514               		.loc 1 63 27 discriminator 5 view .LVU98
 515 01c6 8B3A      		cpi r24,-85
 516 01c8 9105      		cpc r25,__zero_reg__
 517 01ca 01F4      		brne .+2
 518 01cc 00C0      		rjmp .L50
  63:quantum/keymap_common.c ****             break;
 519               		.loc 1 63 27 discriminator 7 view .LVU99
 520 01ce 8C3A      		cpi r24,-84
 521 01d0 9105      		cpc r25,__zero_reg__
 522 01d2 01F4      		brne .+2
 523 01d4 00C0      		rjmp .L51
  63:quantum/keymap_common.c ****             break;
 524               		.loc 1 63 27 discriminator 9 view .LVU100
 525 01d6 8B3B      		cpi r24,-69
 526 01d8 9105      		cpc r25,__zero_reg__
 527 01da 01F4      		brne .+2
 528 01dc 00C0      		rjmp .L52
  63:quantum/keymap_common.c ****             break;
 529               		.loc 1 63 27 discriminator 11 view .LVU101
 530 01de 8C3B      		cpi r24,-68
 531 01e0 9105      		cpc r25,__zero_reg__
 532 01e2 01F4      		brne .+2
 533 01e4 00C0      		rjmp .L53
  63:quantum/keymap_common.c ****             break;
 534               		.loc 1 63 27 discriminator 13 view .LVU102
 535 01e6 8D3A      		cpi r24,-83
 536 01e8 9105      		cpc r25,__zero_reg__
 537 01ea 01F4      		brne .+2
 538 01ec 00C0      		rjmp .L54
  63:quantum/keymap_common.c ****             break;
 539               		.loc 1 63 27 discriminator 15 view .LVU103
 540 01ee 803B      		cpi r24,-80
 541 01f0 9105      		cpc r25,__zero_reg__
 542 01f2 01F4      		brne .+2
 543 01f4 00C0      		rjmp .L55
  63:quantum/keymap_common.c ****             break;
 544               		.loc 1 63 27 discriminator 17 view .LVU104
 545 01f6 8E3A      		cpi r24,-82
 546 01f8 9105      		cpc r25,__zero_reg__
 547 01fa 01F4      		brne .+2
 548 01fc 00C0      		rjmp .L56
  63:quantum/keymap_common.c ****             break;
 549               		.loc 1 63 27 discriminator 19 view .LVU105
 550 01fe 8F3A      		cpi r24,-81
 551 0200 9105      		cpc r25,__zero_reg__
 552 0202 01F4      		brne .+2
 553 0204 00C0      		rjmp .L57
  63:quantum/keymap_common.c ****             break;
 554               		.loc 1 63 27 discriminator 21 view .LVU106
 555 0206 813B      		cpi r24,-79
 556 0208 9105      		cpc r25,__zero_reg__
 557 020a 01F4      		brne .+2
 558 020c 00C0      		rjmp .L58
  63:quantum/keymap_common.c ****             break;
 559               		.loc 1 63 27 discriminator 23 view .LVU107
 560 020e 823B      		cpi r24,-78
 561 0210 9105      		cpc r25,__zero_reg__
 562 0212 01F4      		brne .+2
 563 0214 00C0      		rjmp .L59
  63:quantum/keymap_common.c ****             break;
 564               		.loc 1 63 27 discriminator 25 view .LVU108
 565 0216 833B      		cpi r24,-77
 566 0218 9105      		cpc r25,__zero_reg__
 567 021a 01F4      		brne .+2
 568 021c 00C0      		rjmp .L60
  63:quantum/keymap_common.c ****             break;
 569               		.loc 1 63 27 discriminator 27 view .LVU109
 570 021e 843B      		cpi r24,-76
 571 0220 9105      		cpc r25,__zero_reg__
 572 0222 01F4      		brne .+2
 573 0224 00C0      		rjmp .L61
  63:quantum/keymap_common.c ****             break;
 574               		.loc 1 63 27 discriminator 29 view .LVU110
 575 0226 853B      		cpi r24,-75
 576 0228 9105      		cpc r25,__zero_reg__
 577 022a 01F4      		brne .+2
 578 022c 00C0      		rjmp .L62
  63:quantum/keymap_common.c ****             break;
 579               		.loc 1 63 27 discriminator 31 view .LVU111
 580 022e 863B      		cpi r24,-74
 581 0230 9105      		cpc r25,__zero_reg__
 582 0232 01F4      		brne .+2
 583 0234 00C0      		rjmp .L63
  63:quantum/keymap_common.c ****             break;
 584               		.loc 1 63 27 discriminator 33 view .LVU112
 585 0236 873B      		cpi r24,-73
 586 0238 9105      		cpc r25,__zero_reg__
 587 023a 01F4      		brne .+2
 588 023c 00C0      		rjmp .L64
  63:quantum/keymap_common.c ****             break;
 589               		.loc 1 63 27 discriminator 35 view .LVU113
 590 023e 883B      		cpi r24,-72
 591 0240 9105      		cpc r25,__zero_reg__
 592 0242 01F4      		brne .+2
 593 0244 00C0      		rjmp .L65
  63:quantum/keymap_common.c ****             break;
 594               		.loc 1 63 27 discriminator 37 view .LVU114
 595 0246 893B      		cpi r24,-71
 596 0248 9105      		cpc r25,__zero_reg__
 597 024a 01F4      		brne .+2
 598 024c 00C0      		rjmp .L66
  63:quantum/keymap_common.c ****             break;
 599               		.loc 1 63 27 discriminator 39 view .LVU115
 600 024e 8D3B      		cpi r24,-67
 601 0250 9105      		cpc r25,__zero_reg__
 602 0252 01F4      		brne .+2
 603 0254 00C0      		rjmp .L67
  63:quantum/keymap_common.c ****             break;
 604               		.loc 1 63 27 discriminator 41 view .LVU116
 605 0256 8E3B      		cpi r24,-66
 606 0258 9105      		cpc r25,__zero_reg__
 607 025a 01F4      		brne .+2
 608 025c 00C0      		rjmp .L68
  63:quantum/keymap_common.c ****             break;
 609               		.loc 1 63 27 discriminator 43 view .LVU117
 610 025e 8A3B      		cpi r24,-70
 611 0260 9105      		cpc r25,__zero_reg__
 612 0262 01F4      		brne .+2
 613 0264 00C0      		rjmp .L69
  63:quantum/keymap_common.c ****             break;
 614               		.loc 1 63 27 view .LVU118
 615 0266 C0E0      		ldi r28,0
 616 0268 D4E4      		ldi r29,lo8(68)
 617 026a 00C0      		rjmp .L9
 618               	.LVL50:
 619               	.L16:
  67:quantum/keymap_common.c ****             break;
 620               		.loc 1 67 13 is_stmt 1 view .LVU119
  67:quantum/keymap_common.c ****             break;
 621               		.loc 1 67 27 is_stmt 0 view .LVU120
 622 026c D065      		ori r29,80
 623               	.LVL51:
  68:quantum/keymap_common.c **** #endif
 624               		.loc 1 68 13 is_stmt 1 view .LVU121
 625 026e 00C0      		rjmp .L9
 626               	.LVL52:
 627               	.L15:
  82:quantum/keymap_common.c ****             // Is a shortcut for function action_layer, pull last 12bits
 628               		.loc 1 82 46 view .LVU122
  85:quantum/keymap_common.c ****             break;
 629               		.loc 1 85 13 view .LVU123
  85:quantum/keymap_common.c ****             break;
 630               		.loc 1 85 27 is_stmt 0 view .LVU124
 631 0270 CE01      		movw r24,r28
 632 0272 9F70      		andi r25,15
 633 0274 00C0      		rjmp .L81
 634               	.L31:
  93:quantum/keymap_common.c ****             break;
 635               		.loc 1 93 17 is_stmt 1 view .LVU125
  93:quantum/keymap_common.c ****             break;
 636               		.loc 1 93 31 is_stmt 0 view .LVU126
 637 0276 EC01      		movw r28,r24
 638               	.LVL53:
  93:quantum/keymap_common.c ****             break;
 639               		.loc 1 93 31 view .LVU127
 640 0278 D06C      		ori r29,192
 641               	.LVL54:
  93:quantum/keymap_common.c ****             break;
 642               		.loc 1 93 31 view .LVU128
 643 027a 00C0      		rjmp .L9
 644               	.LVL55:
 645               	.L76:
  97:quantum/keymap_common.c ****             break;
 646               		.loc 1 97 13 is_stmt 1 view .LVU129
  97:quantum/keymap_common.c ****             break;
 647               		.loc 1 97 27 is_stmt 0 view .LVU130
 648 027c DF70      		andi r29,15
 649 027e D06A      		ori r29,160
 650               	.LVL56:
  98:quantum/keymap_common.c ****         case QK_TO ... QK_TO_MAX:;
 651               		.loc 1 98 13 is_stmt 1 view .LVU131
 652 0280 00C0      		rjmp .L9
 653               	.LVL57:
 654               	.L7:
  99:quantum/keymap_common.c ****             // Layer set "GOTO"
 655               		.loc 1 99 34 view .LVU132
 101:quantum/keymap_common.c ****             action_layer = keycode & 0xF;
 656               		.loc 1 101 13 view .LVU133
 102:quantum/keymap_common.c ****             action.code  = ACTION_LAYER_SET(action_layer, when);
 657               		.loc 1 102 13 view .LVU134
 103:quantum/keymap_common.c ****             break;
 658               		.loc 1 103 13 view .LVU135
 101:quantum/keymap_common.c ****             action_layer = keycode & 0xF;
 659               		.loc 1 101 37 is_stmt 0 view .LVU136
 660 0282 E4E0      		ldi r30,4
 661               		1:
 662 0284 9695      		lsr r25
 663 0286 8795      		ror r24
 664 0288 EA95      		dec r30
 665 028a 01F4      		brne 1b
 666               	.LVL58:
 101:quantum/keymap_common.c ****             action_layer = keycode & 0xF;
 667               		.loc 1 101 26 view .LVU137
 668 028c 8370      		andi r24,lo8(3)
 103:quantum/keymap_common.c ****             break;
 669               		.loc 1 103 28 view .LVU138
 670 028e 2C2F      		mov r18,r28
 671 0290 2695      		lsr r18
 672 0292 2695      		lsr r18
 673 0294 2370      		andi r18,lo8(3)
 674 0296 40E2      		ldi r20,lo8(32)
 675 0298 249F      		mul r18,r20
 676 029a 9001      		movw r18,r0
 677 029c 1124      		clr __zero_reg__
 678 029e 382B      		or r19,r24
 679 02a0 8C2F      		mov r24,r28
 680 02a2 8370      		andi r24,lo8(3)
 681 02a4 C1E0      		ldi r28,lo8(1)
 682 02a6 D0E0      		ldi r29,0
 683               	.LVL59:
 103:quantum/keymap_common.c ****             break;
 684               		.loc 1 103 28 view .LVU139
 685 02a8 00C0      		rjmp 2f
 686               		1:
 687 02aa CC0F      		lsl r28
 688 02ac DD1F      		rol r29
 689               		2:
 690 02ae 8A95      		dec r24
 691 02b0 02F4      		brpl 1b
 692               	.L82:
 113:quantum/keymap_common.c ****             break;
 693               		.loc 1 113 28 view .LVU140
 694 02b2 C22B      		or r28,r18
 695 02b4 D32B      		or r29,r19
 696 02b6 DC68      		ori r29,140
 697               	.LVL60:
 114:quantum/keymap_common.c ****         case QK_TOGGLE_LAYER ... QK_TOGGLE_LAYER_MAX:;
 698               		.loc 1 114 13 is_stmt 1 view .LVU141
 699 02b8 00C0      		rjmp .L9
 700               	.LVL61:
 701               	.L77:
 110:quantum/keymap_common.c ****             // Set default action_layer
 702               		.loc 1 110 48 view .LVU142
 112:quantum/keymap_common.c ****             action.code  = ACTION_DEFAULT_LAYER_SET(action_layer);
 703               		.loc 1 112 13 view .LVU143
 113:quantum/keymap_common.c ****             break;
 704               		.loc 1 113 13 view .LVU144
 113:quantum/keymap_common.c ****             break;
 705               		.loc 1 113 28 is_stmt 0 view .LVU145
 706 02ba CE01      		movw r24,r28
 707 02bc 8370      		andi r24,3
 708 02be 9927      		clr r25
 709 02c0 21E0      		ldi r18,lo8(1)
 710 02c2 30E0      		ldi r19,0
 711 02c4 00C0      		rjmp 2f
 712               		1:
 713 02c6 220F      		lsl r18
 714 02c8 331F      		rol r19
 715               		2:
 716 02ca 8A95      		dec r24
 717 02cc 02F4      		brpl 1b
 718 02ce C695      		lsr r28
 719 02d0 C695      		lsr r28
 720               	.LVL62:
 113:quantum/keymap_common.c ****             break;
 721               		.loc 1 113 28 view .LVU146
 722 02d2 80E2      		ldi r24,lo8(32)
 723 02d4 C89F      		mul r28,r24
 724 02d6 E001      		movw r28,r0
 725 02d8 1124      		clr __zero_reg__
 726 02da 00C0      		rjmp .L82
 727               	.LVL63:
 728               	.L22:
 115:quantum/keymap_common.c ****             // Set toggle
 729               		.loc 1 115 54 is_stmt 1 view .LVU147
 117:quantum/keymap_common.c ****             action.code  = ACTION_LAYER_TOGGLE(action_layer);
 730               		.loc 1 117 13 view .LVU148
 118:quantum/keymap_common.c ****             break;
 731               		.loc 1 118 13 view .LVU149
 118:quantum/keymap_common.c ****             break;
 732               		.loc 1 118 28 is_stmt 0 view .LVU150
 733 02dc CE01      		movw r24,r28
 734 02de 8370      		andi r24,3
 735 02e0 9927      		clr r25
 736 02e2 21E0      		ldi r18,lo8(1)
 737 02e4 30E0      		ldi r19,0
 738 02e6 00C0      		rjmp 2f
 739               		1:
 740 02e8 220F      		lsl r18
 741 02ea 331F      		rol r19
 742               		2:
 743 02ec 8A95      		dec r24
 744 02ee 02F4      		brpl 1b
 745 02f0 C695      		lsr r28
 746 02f2 C695      		lsr r28
 747               	.LVL64:
 118:quantum/keymap_common.c ****             break;
 748               		.loc 1 118 28 view .LVU151
 749 02f4 90E2      		ldi r25,lo8(32)
 750 02f6 C99F      		mul r28,r25
 751 02f8 E001      		movw r28,r0
 752 02fa 1124      		clr __zero_reg__
 753 02fc C22B      		or r28,r18
 754 02fe D32B      		or r29,r19
 755 0300 DA68      		ori r29,138
 756               	.LVL65:
 119:quantum/keymap_common.c ****         case QK_ONE_SHOT_LAYER ... QK_ONE_SHOT_LAYER_MAX:;
 757               		.loc 1 119 13 is_stmt 1 view .LVU152
 758 0302 00C0      		rjmp .L9
 759               	.LVL66:
 760               	.L25:
 120:quantum/keymap_common.c ****             // OSL(action_layer) - One-shot action_layer
 761               		.loc 1 120 58 view .LVU153
 122:quantum/keymap_common.c ****             action.code  = ACTION_LAYER_ONESHOT(action_layer);
 762               		.loc 1 122 13 view .LVU154
 123:quantum/keymap_common.c ****             break;
 763               		.loc 1 123 13 view .LVU155
 123:quantum/keymap_common.c ****             break;
 764               		.loc 1 123 28 is_stmt 0 view .LVU156
 765 0304 D82F      		mov r29,r24
 766 0306 CC27      		clr r28
 767 0308 C46F      		ori r28,244
 768 030a D06A      		ori r29,160
 769               	.LVL67:
 124:quantum/keymap_common.c ****         case QK_ONE_SHOT_MOD ... QK_ONE_SHOT_MOD_MAX:;
 770               		.loc 1 124 13 is_stmt 1 view .LVU157
 771 030c 00C0      		rjmp .L9
 772               	.LVL68:
 773               	.L20:
 131:quantum/keymap_common.c ****             break;
 774               		.loc 1 131 13 view .LVU158
 131:quantum/keymap_common.c ****             break;
 775               		.loc 1 131 27 is_stmt 0 view .LVU159
 776 030e D82F      		mov r29,r24
 777 0310 CC27      		clr r28
 778 0312 C06F      		ori r28,240
 779 0314 D06A      		ori r29,160
 780               	.LVL69:
 132:quantum/keymap_common.c ****         case QK_LAYER_MOD ... QK_LAYER_MOD_MAX:
 781               		.loc 1 132 13 is_stmt 1 view .LVU160
 782 0316 00C0      		rjmp .L9
 783               	.LVL70:
 784               	.L37:
 150:quantum/keymap_common.c ****             break;
 785               		.loc 1 150 25 is_stmt 0 view .LVU161
 786 0318 C0E0      		ldi r28,0
 787 031a D1ED      		ldi r29,lo8(-47)
 788 031c 00C0      		rjmp .L9
 789               	.LVL71:
 790               	.L38:
 144:quantum/keymap_common.c ****             break;
 791               		.loc 1 144 25 view .LVU162
 792 031e C0E0      		ldi r28,0
 793 0320 D4ED      		ldi r29,lo8(-44)
 794               	.LVL72:
 144:quantum/keymap_common.c ****             break;
 795               		.loc 1 144 25 view .LVU163
 796 0322 00C0      		rjmp .L9
 797               	.LVL73:
 798               	.L39:
 147:quantum/keymap_common.c ****             break;
 799               		.loc 1 147 25 view .LVU164
 800 0324 C0E0      		ldi r28,0
 801 0326 D5ED      		ldi r29,lo8(-43)
 802               	.LVL74:
 147:quantum/keymap_common.c ****             break;
 803               		.loc 1 147 25 view .LVU165
 804 0328 00C0      		rjmp .L9
 805               	.LVL75:
 806               	.L41:
 159:quantum/keymap_common.c ****             break;
 807               		.loc 1 159 25 view .LVU166
 808 032a C0E0      		ldi r28,0
 809 032c D3ED      		ldi r29,lo8(-45)
 810               	.LVL76:
 159:quantum/keymap_common.c ****             break;
 811               		.loc 1 159 25 view .LVU167
 812 032e 00C0      		rjmp .L9
 813               	.LVL77:
 814               	.L42:
 153:quantum/keymap_common.c ****             break;
 815               		.loc 1 153 25 view .LVU168
 816 0330 C0E0      		ldi r28,0
 817 0332 D0ED      		ldi r29,lo8(-48)
 818               	.LVL78:
 153:quantum/keymap_common.c ****             break;
 819               		.loc 1 153 25 view .LVU169
 820 0334 00C0      		rjmp .L9
 821               	.LVL79:
 822               	.L45:
  60:quantum/keymap_common.c ****             break;
 823               		.loc 1 60 27 view .LVU170
 824 0336 C1E8      		ldi r28,lo8(-127)
 825 0338 D0E4      		ldi r29,lo8(64)
 826 033a 00C0      		rjmp .L9
 827               	.L46:
  60:quantum/keymap_common.c ****             break;
 828               		.loc 1 60 27 view .LVU171
 829 033c C3E8      		ldi r28,lo8(-125)
 830 033e D0E4      		ldi r29,lo8(64)
 831 0340 00C0      		rjmp .L9
 832               	.L47:
  63:quantum/keymap_common.c ****             break;
 833               		.loc 1 63 27 view .LVU172
 834 0342 C2EE      		ldi r28,lo8(-30)
 835 0344 D4E4      		ldi r29,lo8(68)
 836 0346 00C0      		rjmp .L9
 837               	.L48:
  63:quantum/keymap_common.c ****             break;
 838               		.loc 1 63 27 view .LVU173
 839 0348 C9EE      		ldi r28,lo8(-23)
 840 034a D4E4      		ldi r29,lo8(68)
 841 034c 00C0      		rjmp .L9
 842               	.L49:
  63:quantum/keymap_common.c ****             break;
 843               		.loc 1 63 27 view .LVU174
 844 034e CAEE      		ldi r28,lo8(-22)
 845 0350 D4E4      		ldi r29,lo8(68)
 846 0352 00C0      		rjmp .L9
 847               	.L50:
  63:quantum/keymap_common.c ****             break;
 848               		.loc 1 63 27 view .LVU175
 849 0354 C5EB      		ldi r28,lo8(-75)
 850 0356 D4E4      		ldi r29,lo8(68)
 851 0358 00C0      		rjmp .L9
 852               	.L51:
  63:quantum/keymap_common.c ****             break;
 853               		.loc 1 63 27 view .LVU176
 854 035a C6EB      		ldi r28,lo8(-74)
 855 035c D4E4      		ldi r29,lo8(68)
 856 035e 00C0      		rjmp .L9
 857               	.L52:
  63:quantum/keymap_common.c ****             break;
 858               		.loc 1 63 27 view .LVU177
 859 0360 C3EB      		ldi r28,lo8(-77)
 860 0362 D4E4      		ldi r29,lo8(68)
 861 0364 00C0      		rjmp .L9
 862               	.L53:
  63:quantum/keymap_common.c ****             break;
 863               		.loc 1 63 27 view .LVU178
 864 0366 C4EB      		ldi r28,lo8(-76)
 865 0368 D4E4      		ldi r29,lo8(68)
 866 036a 00C0      		rjmp .L9
 867               	.L54:
  63:quantum/keymap_common.c ****             break;
 868               		.loc 1 63 27 view .LVU179
 869 036c C7EB      		ldi r28,lo8(-73)
 870 036e D4E4      		ldi r29,lo8(68)
 871 0370 00C0      		rjmp .L9
 872               	.L55:
  63:quantum/keymap_common.c ****             break;
 873               		.loc 1 63 27 view .LVU180
 874 0372 CCEC      		ldi r28,lo8(-52)
 875 0374 D4E4      		ldi r29,lo8(68)
 876 0376 00C0      		rjmp .L9
 877               	.L56:
  63:quantum/keymap_common.c ****             break;
 878               		.loc 1 63 27 view .LVU181
 879 0378 CDEC      		ldi r28,lo8(-51)
 880 037a D4E4      		ldi r29,lo8(68)
 881 037c 00C0      		rjmp .L9
 882               	.L57:
  63:quantum/keymap_common.c ****             break;
 883               		.loc 1 63 27 view .LVU182
 884 037e C3E8      		ldi r28,lo8(-125)
 885 0380 D5E4      		ldi r29,lo8(69)
 886 0382 00C0      		rjmp .L9
 887               	.L58:
  63:quantum/keymap_common.c ****             break;
 888               		.loc 1 63 27 view .LVU183
 889 0384 CAE8      		ldi r28,lo8(-118)
 890 0386 D5E4      		ldi r29,lo8(69)
 891 0388 00C0      		rjmp .L9
 892               	.L59:
  63:quantum/keymap_common.c ****             break;
 893               		.loc 1 63 27 view .LVU184
 894 038a C2E9      		ldi r28,lo8(-110)
 895 038c D5E4      		ldi r29,lo8(69)
 896 038e 00C0      		rjmp .L9
 897               	.L60:
  63:quantum/keymap_common.c ****             break;
 898               		.loc 1 63 27 view .LVU185
 899 0390 C4E9      		ldi r28,lo8(-108)
 900 0392 D5E4      		ldi r29,lo8(69)
 901 0394 00C0      		rjmp .L9
 902               	.L61:
  63:quantum/keymap_common.c ****             break;
 903               		.loc 1 63 27 view .LVU186
 904 0396 C1E2      		ldi r28,lo8(33)
 905 0398 D6E4      		ldi r29,lo8(70)
 906 039a 00C0      		rjmp .L9
 907               	.L62:
  63:quantum/keymap_common.c ****             break;
 908               		.loc 1 63 27 view .LVU187
 909 039c C3E2      		ldi r28,lo8(35)
 910 039e D6E4      		ldi r29,lo8(70)
 911 03a0 00C0      		rjmp .L9
 912               	.L63:
  63:quantum/keymap_common.c ****             break;
 913               		.loc 1 63 27 view .LVU188
 914 03a2 C4E2      		ldi r28,lo8(36)
 915 03a4 D6E4      		ldi r29,lo8(70)
 916 03a6 00C0      		rjmp .L9
 917               	.L64:
  63:quantum/keymap_common.c ****             break;
 918               		.loc 1 63 27 view .LVU189
 919 03a8 C5E2      		ldi r28,lo8(37)
 920 03aa D6E4      		ldi r29,lo8(70)
 921 03ac 00C0      		rjmp .L9
 922               	.L65:
  63:quantum/keymap_common.c ****             break;
 923               		.loc 1 63 27 view .LVU190
 924 03ae C6E2      		ldi r28,lo8(38)
 925 03b0 D6E4      		ldi r29,lo8(70)
 926 03b2 00C0      		rjmp .L9
 927               	.L66:
  63:quantum/keymap_common.c ****             break;
 928               		.loc 1 63 27 view .LVU191
 929 03b4 C7E2      		ldi r28,lo8(39)
 930 03b6 D6E4      		ldi r29,lo8(70)
 931 03b8 00C0      		rjmp .L9
 932               	.L67:
  63:quantum/keymap_common.c ****             break;
 933               		.loc 1 63 27 view .LVU192
 934 03ba CFE6      		ldi r28,lo8(111)
 935 03bc D4E4      		ldi r29,lo8(68)
 936 03be 00C0      		rjmp .L9
 937               	.L68:
  63:quantum/keymap_common.c ****             break;
 938               		.loc 1 63 27 view .LVU193
 939 03c0 C0E7      		ldi r28,lo8(112)
 940 03c2 D4E4      		ldi r29,lo8(68)
 941 03c4 00C0      		rjmp .L9
 942               	.L69:
  63:quantum/keymap_common.c ****             break;
 943               		.loc 1 63 27 view .LVU194
 944 03c6 CAE2      		ldi r28,lo8(42)
 945 03c8 D6E4      		ldi r29,lo8(70)
 946 03ca 00C0      		rjmp .L9
 947               		.cfi_endproc
 948               	.LFE112:
 950               		.weak	fn_actions
 951               		.section	.progmem.data.fn_actions,"a"
 954               	fn_actions:
 955               		.text
 956               	.Letext0:
 957               		.file 2 "/usr/local/Cellar/avr-gcc@8/8.3.0_1/avr/include/stdint.h"
 958               		.file 3 "tmk_core/common/keyboard.h"
 959               		.file 4 "tmk_core/common/keycode.h"
 960               		.file 5 "tmk_core/common/action_code.h"
 961               		.file 6 "/usr/local/Cellar/avr-gcc@8/8.3.0_1/lib/avr-gcc/8/gcc/avr/8.3.0/include/stddef.h"
 962               		.file 7 "tmk_core/common/action_macro.h"
 963               		.file 8 "tmk_core/common/action.h"
 964               		.file 9 "lib/lufa/LUFA/Drivers/USB/Core/AVR8/../StdRequestType.h"
 965               		.file 10 "lib/lufa/LUFA/Drivers/USB/Core/AVR8/../DeviceStandardReq.h"
 966               		.file 11 "lib/lufa/LUFA/Drivers/USB/Core/USBTask.h"
 967               		.file 12 "lib/lufa/LUFA/Drivers/USB/Core/HostStandardReq.h"
 968               		.file 13 "/usr/local/Cellar/avr-gcc@8/8.3.0_1/avr/include/stdio.h"
 969               		.file 14 "tmk_core/common/report.h"
 970               		.file 15 "tmk_core/common/host.h"
 971               		.file 16 "tmk_core/common/debug.h"
 972               		.file 17 "quantum/keycode_config.h"
 973               		.file 18 "quantum/quantum_keycodes.h"
 974               		.file 19 "quantum/keymap.h"
 975               		.file 20 "tmk_core/common/action_layer.h"
 976               		.file 21 "./quantum/color.h"
 977               		.file 22 "quantum/rgblight.h"
 978               		.file 23 "tmk_core/common/timer.h"
 979               		.file 24 "tmk_core/common/action_util.h"
 980               		.file 25 "/usr/local/Cellar/avr-gcc@8/8.3.0_1/avr/include/stdlib.h"
 981               		.file 26 "quantum/quantum.h"
DEFINED SYMBOLS
                            *ABS*:0000000000000000 keymap_common.c
/var/folders/q5/h5z_knjn13j9zmrblvrgn32h0000gp/T//ccwQvzdM.s:2      *ABS*:000000000000003e __SP_H__
/var/folders/q5/h5z_knjn13j9zmrblvrgn32h0000gp/T//ccwQvzdM.s:3      *ABS*:000000000000003d __SP_L__
/var/folders/q5/h5z_knjn13j9zmrblvrgn32h0000gp/T//ccwQvzdM.s:4      *ABS*:000000000000003f __SREG__
/var/folders/q5/h5z_knjn13j9zmrblvrgn32h0000gp/T//ccwQvzdM.s:5      *ABS*:0000000000000000 __tmp_reg__
/var/folders/q5/h5z_knjn13j9zmrblvrgn32h0000gp/T//ccwQvzdM.s:6      *ABS*:0000000000000001 __zero_reg__
/var/folders/q5/h5z_knjn13j9zmrblvrgn32h0000gp/T//ccwQvzdM.s:13     .text.action_get_macro:0000000000000000 action_get_macro
/var/folders/q5/h5z_knjn13j9zmrblvrgn32h0000gp/T//ccwQvzdM.s:37     .text.action_function:0000000000000000 action_function
/var/folders/q5/h5z_knjn13j9zmrblvrgn32h0000gp/T//ccwQvzdM.s:56     .text.keymap_key_to_keycode:0000000000000000 keymap_key_to_keycode
/var/folders/q5/h5z_knjn13j9zmrblvrgn32h0000gp/T//ccwQvzdM.s:110    .text.keymap_function_id_to_action:0000000000000000 keymap_function_id_to_action
/var/folders/q5/h5z_knjn13j9zmrblvrgn32h0000gp/T//ccwQvzdM.s:954    .progmem.data.fn_actions:0000000000000000 fn_actions
/var/folders/q5/h5z_knjn13j9zmrblvrgn32h0000gp/T//ccwQvzdM.s:151    .text.action_for_key:0000000000000000 action_for_key

UNDEFINED SYMBOLS
keymaps
keycode_config
mod_config
